2026-03-26 08:00:03 - === Starting Workspace Auto-Commit ===
2026-03-26 08:00:03 - Checking for changes...
2026-03-26 08:00:03 - Found 42 changed files
2026-03-26 08:00:03 - Staging changes...
2026-03-26 08:00:04 - Committing: Auto-commit workspace 2026-03-26 08:00 (40 files)
2026-03-26 08:00:04 - [master 04b0067] Auto-commit workspace 2026-03-26 08:00 (40 files)  40 files changed, 23017 insertions(+), 923 deletions(-)  create mode 100644 data/polymarket/hot-bets-2026-03-25-2300.html  create mode 100644 data/polymarket/hot-bets-2026-03-26-0000.html  create mode 100644 data/polymarket/hot-bets-2026-03-26-0100.html  create mode 100644 data/polymarket/hot-bets-2026-03-26-0200.html  create mode 100644 data/polymarket/hot-bets-2026-03-26-0300.html  create mode 100644 data/polymarket/hot-bets-2026-03-26-0400.html  create mode 100644 data/polymarket/hot-bets-2026-03-26-0500.html  create mode 100644 data/polymarket/hot-bets-2026-03-26-0600.html  create mode 100644 data/polymarket/hot-bets-2026-03-26-0700.html  create mode 100644 data/polymarket/polymarket_2026-03-25-2300.json  create mode 100644 data/polymarket/polymarket_2026-03-26-0000.json  create mode 100644 data/polymarket/polymarket_2026-03-26-0100.json  create mode 100644 data/polymarket/polymarket_2026-03-26-0200.json  create mode 100644 data/polymarket/polymarket_2026-03-26-0300.json  create mode 100644 data/polymarket/polymarket_2026-03-26-0400.json  create mode 100644 data/polymarket/polymarket_2026-03-26-0500.json  create mode 100644 data/polymarket/polymarket_2026-03-26-0600.json  create mode 100644 data/polymarket/polymarket_2026-03-26-0700.json  create mode 100644 data/stocks/2026-03/2026-03-26_075933.json  create mode 100644 data/stocks/AAPL_daily.csv  create mode 100644 data/stocks/NVDA_daily.csv  create mode 100644 data/stocks/TSLA_daily.csv  create mode 100644 docs/tradingagents-integration-plan.md  create mode 100644 scripts/daily-memory-backup.ps1  create mode 100644 scripts/setup-daily-memory-backup.ps1  create mode 100644 skills/stockvue-scraper/__pycache__/alpha_vantage_scraper.cpython-311.pyc  create mode 100644 skills/stockvue-scraper/alpha_vantage_scraper.py  create mode 100644 skills/stockvue-scraper/logs/stock_scan_20260326.log  create mode 100644 skills/stockvue-scraper/test_alpha_vantage.py  create mode 100644 skills/tradingview-claw-v2/logs/auto_scan_20260326.log  create mode 100644 skills/tradingview-claw-v2/top_50_analysis_20260326_000154.json  create mode 100644 skills/tradingview-claw-v2/top_50_analysis_20260326_040201.json
2026-03-26 08:00:04 - Pushing to GitHub...
2026-03-26 08:00:07 - [OK] Successfully pushed to GitHub
2026-03-26 08:00:07 - Commit: 04b0067
2026-03-26 08:00:07 - === Auto-commit complete ===
2026-03-26 08:00:07 - 
2026-03-26 10:00:03 - === Starting Workspace Auto-Commit ===
2026-03-26 10:00:03 - Checking for changes...
2026-03-26 10:00:03 - Found 31 changed files
2026-03-26 10:00:03 - Staging changes...
2026-03-26 10:00:04 - Committing: Auto-commit workspace 2026-03-26 10:00 (29 files)
2026-03-26 10:00:04 - [master 39938cf] Auto-commit workspace 2026-03-26 10:00 (29 files)  29 files changed, 3859 insertions(+), 568 deletions(-)  create mode 100644 data/polymarket/hot-bets-2026-03-26-0800.html  create mode 100644 data/polymarket/hot-bets-2026-03-26-0900.html  create mode 100644 data/polymarket/polymarket_2026-03-26-0800.json  create mode 100644 data/polymarket/polymarket_2026-03-26-0900.json  create mode 100644 data/stocks/2026-03/2026-03-26_080633.json  create mode 100644 data/stocks/AMD_daily.csv  create mode 100644 data/stocks/AMZN_daily.csv  create mode 100644 data/stocks/GOOGL_daily.csv  create mode 100644 data/stocks/HD_daily.csv  create mode 100644 data/stocks/JNJ_daily.csv  create mode 100644 data/stocks/JPM_daily.csv  create mode 100644 data/stocks/META_daily.csv  create mode 100644 data/stocks/MSFT_daily.csv  create mode 100644 data/stocks/PG_daily.csv  create mode 100644 data/stocks/UNH_daily.csv  create mode 100644 data/stocks/V_daily.csv  create mode 100644 data/stocks/WMT_daily.csv  create mode 100644 data/stocks/scan_summary.txt  create mode 100644 skills/stockvue-scraper/update-scheduled-task.ps1
2026-03-26 10:00:04 - Pushing to GitHub...
2026-03-26 10:00:06 - [OK] Successfully pushed to GitHub
2026-03-26 10:00:06 - Commit: 39938cf
2026-03-26 10:00:06 - === Auto-commit complete ===
2026-03-26 10:00:06 - 
2026-03-26 12:00:02 - === Starting Workspace Auto-Commit ===
2026-03-26 12:00:02 - Checking for changes...
2026-03-26 12:00:02 - Found 12 changed files
2026-03-26 12:00:02 - Staging changes...
2026-03-26 12:00:03 - Committing: Auto-commit workspace 2026-03-26 12:00 (10 files)
2026-03-26 12:00:04 - [master 05b7a0d] Auto-commit workspace 2026-03-26 12:00 (10 files)  10 files changed, 2432 insertions(+), 625 deletions(-)  create mode 100644 data/polymarket/hot-bets-2026-03-26-1000.html  create mode 100644 data/polymarket/hot-bets-2026-03-26-1100.html  create mode 100644 data/polymarket/polymarket_2026-03-26-1000.json  create mode 100644 data/polymarket/polymarket_2026-03-26-1100.json
2026-03-26 12:00:04 - Pushing to GitHub...
2026-03-26 12:00:06 - [OK] Successfully pushed to GitHub
2026-03-26 12:00:06 - Commit: 05b7a0d
2026-03-26 12:00:06 - === Auto-commit complete ===
2026-03-26 12:00:06 - 
