2026-03-26 17:59:42 [INFO] === Daily Memory Backup Started ===
2026-03-26 17:59:42 [INFO] Creating local archive backup...
2026-03-26 17:59:44 [OK] Archive created: C:\Users\impro\OneDrive\OpenClaw\backups\memory-backup-2026-03-26.zip
2026-03-26 17:59:44 [OK] Cleaned up archives older than 30 days
2026-03-26 17:59:44 [INFO] Committing memory files to GitHub...
2026-03-26 17:59:45 [INFO] No memory changes to commit
2026-03-26 17:59:45 [INFO] === Memory Backup Complete ===
2026-03-26 17:59:45 [INFO] Memory files backed up: 25
2026-03-26 17:59:45 [INFO] Total size: 0.29 MB
2026-03-26 17:59:45 [INFO] Archive location: C:\Users\impro\OneDrive\OpenClaw\backups\memory-backup-2026-03-26.zip
2026-03-26 17:59:45 [INFO] GitHub repo: https://github.com/impro58-oss/rooquest1
2026-03-26 17:59:45 [INFO] Status written to: C:\Users\impro\.openclaw\workspace\memory\backup-status.json
2026-03-26 17:59:45 [INFO] === Backup Finished ===
2026-03-26 23:00:01 [INFO] === Daily Memory Backup Started ===
2026-03-26 23:00:02 [INFO] Creating local archive backup...
2026-03-26 23:00:03 [OK] Archive created: C:\Users\impro\OneDrive\OpenClaw\backups\memory-backup-2026-03-26.zip
2026-03-26 23:00:03 [OK] Cleaned up archives older than 30 days
2026-03-26 23:00:03 [INFO] Committing memory files to GitHub...
2026-03-26 23:00:04 [INFO] No memory changes to commit
2026-03-26 23:00:04 [INFO] === Memory Backup Complete ===
2026-03-26 23:00:04 [INFO] Memory files backed up: 28
2026-03-26 23:00:04 [INFO] Total size: 0.29 MB
2026-03-26 23:00:04 [INFO] Archive location: C:\Users\impro\OneDrive\OpenClaw\backups\memory-backup-2026-03-26.zip
2026-03-26 23:00:04 [INFO] GitHub repo: https://github.com/impro58-oss/rooquest1
2026-03-26 23:00:04 [INFO] Status written to: C:\Users\impro\.openclaw\workspace\memory\backup-status.json
2026-03-26 23:00:04 [INFO] === Backup Finished ===
